<?xml version="1.0" encoding="UTF-8" ?>
<testsuite tests="1" failures="0" name="RunCucumberTest" time="0.181" errors="1" skipped="0">
  <properties>
[...]
</properties>
  <testcase classname="Google Search" name="Search cats" time="0.181">
    <error message="The step &apos;I have Google Search url&apos; and 3 other step(s) are undefined.
You can implement these steps using the snippet(s) below:

@Given(&quot;I have Google Search url&quot;)
public void i_have_google_search_url() {
    // Write code here that turns the phrase above into concrete actions
    throw new io.cucumber.java.PendingException();
}
@When(&quot;I fill {string} field&quot;)
public void i_fill_field(String string) {
    // Write code here that turns the phrase above into concrete actions
    throw new io.cucumber.java.PendingException();
}
@When(&quot;I press enter key&quot;)
public void i_press_enter_key() {
    // Write code here that turns the phrase above into concrete actions
    throw new io.cucumber.java.PendingException();
}
@Then(&quot;I see many little cats and {string} in search head&quot;)
public void i_see_many_little_cats_and_in_search_head(String string) {
    // Write code here that turns the phrase above into concrete actions
    throw new io.cucumber.java.PendingException();
}
" type="io.cucumber.junit.UndefinedStepException">io.cucumber.junit.UndefinedStepException: The step &apos;I have Google Search url&apos; and 3 other step(s) are undefined.
You can implement these steps using the snippet(s) below:

@Given(&quot;I have Google Search url&quot;)
public void i_have_google_search_url() {
    // Write code here that turns the phrase above into concrete actions
    throw new io.cucumber.java.PendingException();
}
@When(&quot;I fill {string} field&quot;)
public void i_fill_field(String string) {
    // Write code here that turns the phrase above into concrete actions
    throw new io.cucumber.java.PendingException();
}
@When(&quot;I press enter key&quot;)
public void i_press_enter_key() {
    // Write code here that turns the phrase above into concrete actions
    throw new io.cucumber.java.PendingException();
}
@Then(&quot;I see many little cats and {string} in search head&quot;)
public void i_see_many_little_cats_and_in_search_head(String string) {
    // Write code here that turns the phrase above into concrete actions
    throw new io.cucumber.java.PendingException();
}

</error>
  </testcase>
</testsuite>